matrix for city 0
0 0 1 1
0 0 0 0
0 0 0 0
0 0 0 0
matrix for city 1
-1 -1 -1 -1 -1 -1 -1 -1 -1 -1 -1
-1 -1 -1 -1 -1 -1 -1 -1 -1 -1 -1
-1 -1 -1 -1 -1 -1 -1 -1 -1 -1 -1
-1 -1 -1 -1 -1 -1 -1 -1 -1 -1 -1
0 0 0 0 0 0 0 0 0 0 0
-1 -1 -1 -1 -1 -1 -1 -1 -1 -1 -1
-1 -1 -1 -1 -1 -1 -1 -1 -1 -1 -1
-1 -1 -1 -1 -1 -1 -1 -1 -1 -1 -1
-1 -1 -1 -1 -1 -1 -1 -1 -1 -1 -1
-1 -1 -1 -1 -1 -1 -1 -1 -1 -1 -1
-1 -1 -1 -1 -1 -1 -1 -1 -1 -1 -1
matrix for city 2
-1 -1 -1 -1 -1 -1 -1
-1 -1 -1 -1 -1 -1 -1
-1 -1 -1 -1 -1 -1 -1
-1 -1 -1 -1 -1 -1 -1
-1 -1 -1 -1 -1 -1 -1
-1 -1 -1 -1 -1 -1 -1
-1 -1 -1 -1 -1 -1 -1
matrix for city 3
0 0 0 0 0 0 0 0 1
0 -1 -1 0 -1 0 0 -1 -1
0 -1 -1 0 -1 0 0 -1 -1
0 -1 -1 0 -1 0 0 -1 -1
0 -1 -1 0 -1 0 0 -1 -1
1 -1 -1 1 -1 0 1 -1 -1
1 -1 -1 0 -1 0 0 -1 -1
0 -1 -1 0 -1 0 0 -1 -1
0 0 0 0 0 0 0 0 0
matrix for city 4
0 0 0 0 0 0 0
0 0 0 0 0 0 0
0 0 0 0 0 0 0
0 0 0 0 0 0 0
0 0 1 0 0 0 0
0 0 1 0 1 0 0
1 0 1 0 0 0 0
matrix for city 5
0 -1 -1 -1 -1 -1 0 -1 -1 0 -1 0
0 -1 -1 -1 -1 -1 0 -1 -1 0 -1 0
0 -1 -1 -1 -1 -1 0 -1 -1 0 -1 0
0 -1 -1 -1 -1 -1 0 -1 -1 0 -1 0
0 -1 -1 -1 -1 -1 0 -1 -1 0 -1 0
0 0 0 0 0 0 0 0 0 0 0 0
0 -1 -1 -1 -1 -1 0 -1 -1 0 -1 0
0 -1 -1 -1 -1 -1 0 -1 -1 0 -1 0
0 -1 -1 -1 -1 -1 0 -1 -1 0 -1 0
0 -1 -1 -1 -1 -1 0 -1 -1 0 -1 0
0 -1 -1 -1 -1 -1 0 -1 -1 0 -1 0
0 0 0 0 0 1 0 0 0 0 0 0
matrix for city 6
-1 -1 -1 -1 -1 -1 -1 -1 -1 -1 -1 -1 -1
-1 -1 -1 -1 -1 -1 -1 -1 -1 -1 -1 -1 -1
-1 -1 -1 -1 -1 -1 -1 -1 -1 -1 -1 -1 -1
0 0 0 0 0 0 0 0 0 0 0 1 0
0 0 0 0 0 0 0 0 0 0 0 0 0
-1 -1 -1 -1 -1 -1 -1 -1 -1 -1 -1 -1 -1
-1 -1 -1 -1 -1 -1 -1 -1 -1 -1 -1 -1 -1
-1 -1 -1 -1 -1 -1 -1 -1 -1 -1 -1 -1 -1
-1 -1 -1 -1 -1 -1 -1 -1 -1 -1 -1 -1 -1
-1 -1 -1 -1 -1 -1 -1 -1 -1 -1 -1 -1 -1
-1 -1 -1 -1 -1 -1 -1 -1 -1 -1 -1 -1 -1
0 0 0 0 0 0 0 0 0 0 0 0 0
-1 -1 -1 -1 -1 -1 -1 -1 -1 -1 -1 -1 -1
matrix for city 7
-1 -1 0
-1 -1 0
-1 -1 0
matrix for city 8
0 0 0 0 0
0 0 1 0 2
0 0 0 0 1
0 0 0 0 1
0 0 0 0 0
matrix for city 9
0 0 0 0 0 0 0 0 0 0 0 0 0 0
0 0 0 0 0 1 0 1 0 1 0 0 0 0
0 1 0 0 0 1 0 1 0 1 0 0 0 0
0 0 0 0 0 0 0 0 0 0 0 0 0 0
0 0 0 0 0 0 0 0 0 0 0 0 0 0
0 0 0 0 0 0 0 0 0 0 0 0 0 0
0 0 0 0 1 0 0 0 0 0 0 0 0 0
0 0 0 0 0 0 0 0 0 0 0 0 0 0
0 0 0 1 0 0 0 0 0 0 0 0 0 0
0 0 0 0 0 0 0 1 0 0 0 0 0 0
0 0 0 0 0 0 0 0 0 0 0 0 0 0
0 0 0 0 0 0 0 0 0 0 0 0 0 0
0 0 0 0 0 0 0 0 0 0 0 0 0 0
0 0 0 1 0 0 0 0 0 0 0 1 0 0
matrix for city 10
-1 0 -1 -1
0 0 0 0
-1 0 -1 -1
-1 0 -1 -1
matrix for city 11
-1 -1 -1 -1 0 0
-1 -1 -1 -1 0 0
-1 -1 -1 -1 0 0
-1 -1 -1 -1 0 0
-1 -1 -1 -1 0 0
-1 -1 -1 -1 0 0
matrix for city 12
-1 -1 -1 -1 -1 -1 -1 -1 -1 -1 -1 -1
-1 -1 -1 -1 -1 -1 -1 -1 -1 -1 -1 -1
-1 -1 -1 -1 -1 -1 -1 -1 -1 -1 -1 -1
-1 -1 -1 -1 -1 -1 -1 -1 -1 -1 -1 -1
-1 -1 -1 -1 -1 -1 -1 -1 -1 -1 -1 -1
-1 -1 -1 -1 -1 -1 -1 -1 -1 -1 -1 -1
-1 -1 -1 -1 -1 -1 -1 -1 -1 -1 -1 -1
-1 -1 -1 -1 -1 -1 -1 -1 -1 -1 -1 -1
-1 -1 -1 -1 -1 -1 -1 -1 -1 -1 -1 -1
-1 -1 -1 -1 -1 -1 -1 -1 -1 -1 -1 -1
-1 -1 -1 -1 -1 -1 -1 -1 -1 -1 -1 -1
-1 -1 -1 -1 -1 -1 -1 -1 -1 -1 -1 -1
matrix for city 13
0 0 0 -1 -1 0 -1 -1 -1 -1 0 0 0 -1
1 0 0 -1 -1 0 -1 -1 -1 -1 0 1 1 -1
0 0 0 0 0 0 0 0 0 0 0 0 1 0
0 0 0 -1 -1 0 -1 -1 -1 -1 0 0 0 -1
0 0 0 -1 -1 0 -1 -1 -1 -1 0 0 0 -1
0 0 0 0 0 0 0 0 0 0 0 0 0 0
0 0 0 -1 -1 0 -1 -1 -1 -1 0 0 0 -1
0 0 0 -1 -1 0 -1 -1 -1 -1 0 0 0 -1
0 0 0 -1 -1 0 -1 -1 -1 -1 0 0 0 -1
0 0 0 0 0 0 0 0 0 0 0 0 0 0
0 0 0 -1 -1 0 -1 -1 -1 -1 0 0 0 -1
1 0 0 -1 -1 0 -1 -1 -1 -1 0 0 0 -1
0 0 0 0 0 0 0 0 0 0 0 0 0 0
0 0 0 -1 -1 0 -1 -1 -1 -1 0 0 0 -1
matrix for city 14
-1 -1 -1 -1 0 -1 -1
-1 -1 -1 -1 0 -1 -1
-1 -1 -1 -1 0 -1 -1
-1 -1 -1 -1 0 -1 -1
-1 -1 -1 -1 0 -1 -1
-1 -1 -1 -1 0 -1 -1
-1 -1 -1 -1 0 -1 -1
matrix for city 15
-1 -1 -1 -1 -1 -1
-1 -1 -1 -1 -1 -1
-1 -1 -1 -1 -1 -1
-1 -1 -1 -1 -1 -1
-1 -1 -1 -1 -1 -1
-1 -1 -1 -1 -1 -1
matrix for city 16
0 0 0 0 0 0 0 1 0 0 0
-1 -1 -1 -1 -1 -1 0 -1 -1 0 -1
-1 -1 -1 -1 -1 -1 0 -1 -1 0 -1
-1 -1 -1 -1 -1 -1 0 -1 -1 0 -1
-1 -1 -1 -1 -1 -1 0 -1 -1 0 -1
-1 -1 -1 -1 -1 -1 0 -1 -1 0 -1
-1 -1 -1 -1 -1 -1 0 -1 -1 0 -1
0 0 0 0 0 0 0 0 0 0 0
-1 -1 -1 -1 -1 -1 0 -1 -1 0 -1
1 0 0 0 0 0 0 1 0 0 1
1 0 0 0 0 0 0 1 0 0 0
matrix for city 17
0 0
1 0
matrix for city 18
-1 -1 -1 -1 -1 -1
-1 -1 -1 -1 -1 -1
-1 -1 -1 -1 -1 -1
-1 -1 -1 -1 -1 -1
-1 -1 -1 -1 -1 -1
-1 -1 -1 -1 -1 -1
matrix for city 19
0 1
0 0
matrix for city 20
-1 -1 -1
-1 -1 -1
-1 -1 -1
matrix for city 21
-1 -1 -1 -1
-1 -1 -1 -1
-1 -1 -1 -1
-1 -1 -1 -1
matrix for city 22
-1 -1 -1 -1 -1 -1 -1 -1
-1 -1 -1 -1 -1 -1 -1 -1
-1 -1 -1 -1 -1 -1 -1 -1
-1 -1 -1 -1 -1 -1 -1 -1
-1 -1 -1 -1 -1 -1 -1 -1
-1 -1 -1 -1 -1 -1 -1 -1
-1 -1 -1 -1 -1 -1 -1 -1
-1 -1 -1 -1 -1 -1 -1 -1
matrix for city 23
-1 -1 -1 -1 0 -1 -1 -1 -1 -1 -1 -1
-1 -1 -1 -1 0 -1 -1 -1 -1 -1 -1 -1
-1 -1 -1 -1 0 -1 -1 -1 -1 -1 -1 -1
-1 -1 -1 -1 0 -1 -1 -1 -1 -1 -1 -1
-1 -1 -1 -1 0 -1 -1 -1 -1 -1 -1 -1
-1 -1 -1 -1 0 -1 -1 -1 -1 -1 -1 -1
-1 -1 -1 -1 0 -1 -1 -1 -1 -1 -1 -1
-1 -1 -1 -1 0 -1 -1 -1 -1 -1 -1 -1
-1 -1 -1 -1 0 -1 -1 -1 -1 -1 -1 -1
-1 -1 -1 -1 0 -1 -1 -1 -1 -1 -1 -1
-1 -1 -1 -1 0 -1 -1 -1 -1 -1 -1 -1
-1 -1 -1 -1 0 -1 -1 -1 -1 -1 -1 -1
matrix for city 24
-1 -1 -1 -1 -1 -1 -1
-1 -1 -1 -1 -1 -1 -1
-1 -1 -1 -1 -1 -1 -1
-1 -1 -1 -1 -1 -1 -1
-1 -1 -1 -1 -1 -1 -1
-1 -1 -1 -1 -1 -1 -1
-1 -1 -1 -1 -1 -1 -1
matrix for city 25
-1 -1 -1
-1 -1 -1
-1 -1 -1
matrix for city 26
-1 -1
-1 -1
matrix for city 27
-1 -1 -1
-1 -1 -1
-1 -1 -1
matrix for city 28
0 0 0 0 0 0 0 0 0 0 0 0 0 0 0
1 0 0 0 0 0 1 0 0 0 0 0 0 1 0
0 0 0 0 0 0 0 0 0 0 0 0 0 0 0
0 0 0 0 0 0 0 0 0 0 0 0 0 0 0
0 0 0 0 0 1 0 0 0 0 0 0 0 0 0
0 0 0 0 0 0 0 0 0 0 0 0 0 0 0
1 0 0 0 0 0 0 0 0 0 0 0 0 0 0
0 0 0 0 0 0 0 -1 0 0 0 0 -1 0 0
0 0 0 0 0 0 0 0 0 1 0 0 0 0 0
0 0 0 0 0 0 0 0 0 0 0 0 0 0 0
0 0 0 0 0 0 0 -1 0 0 0 0 -1 0 0
0 0 0 0 0 1 0 0 0 0 0 0 0 0 0
0 0 0 0 0 0 0 -1 0 0 0 0 -1 0 0
0 0 0 0 0 0 0 0 0 0 0 0 0 0 0
0 0 0 0 0 0 0 -1 0 0 0 0 -1 0 0
matrix for city 29
-1 0 -1 -1 -1 -1 -1 -1 -1 -1 -1 -1 -1
0 0 0 0 0 0 0 0 0 0 0 0 0
-1 0 -1 -1 -1 -1 -1 -1 -1 -1 -1 -1 -1
-1 0 -1 -1 -1 -1 -1 -1 -1 -1 -1 -1 -1
-1 0 -1 -1 -1 -1 -1 -1 -1 -1 -1 -1 -1
-1 0 -1 -1 -1 -1 -1 -1 -1 -1 -1 -1 -1
-1 0 -1 -1 -1 -1 -1 -1 -1 -1 -1 -1 -1
-1 0 -1 -1 -1 -1 -1 -1 -1 -1 -1 -1 -1
-1 0 -1 -1 -1 -1 -1 -1 -1 -1 -1 -1 -1
-1 0 -1 -1 -1 -1 -1 -1 -1 -1 -1 -1 -1
-1 0 -1 -1 -1 -1 -1 -1 -1 -1 -1 -1 -1
-1 0 -1 -1 -1 -1 -1 -1 -1 -1 -1 -1 -1
-1 0 -1 -1 -1 -1 -1 -1 -1 -1 -1 -1 -1
matrix for city 30
-1 -1
-1 -1
matrix for city 31
-1 -1 -1 -1 -1 -1 -1 -1 0 -1 -1 -1 -1
-1 -1 -1 -1 -1 -1 -1 -1 0 -1 -1 -1 -1
-1 -1 -1 -1 -1 -1 -1 -1 0 -1 -1 -1 -1
0 0 0 0 0 0 0 0 0 0 0 1 0
-1 -1 -1 -1 -1 -1 -1 -1 0 -1 -1 -1 -1
-1 -1 -1 -1 -1 -1 -1 -1 0 -1 -1 -1 -1
-1 -1 -1 -1 -1 -1 -1 -1 0 -1 -1 -1 -1
-1 -1 -1 -1 -1 -1 -1 -1 0 -1 -1 -1 -1
0 0 0 0 0 0 0 0 0 0 0 0 0
0 0 0 0 0 0 0 0 0 0 0 0 0
-1 -1 -1 -1 -1 -1 -1 -1 0 -1 -1 -1 -1
0 0 0 0 0 0 0 0 0 0 0 0 0
0 0 0 0 0 0 0 0 0 0 0 0 0
matrix for city 32
-1 -1
-1 -1
matrix for city 33
-1 -1 -1 -1 0 -1 -1 0 -1 -1 -1 -1 -1
-1 -1 -1 -1 0 -1 -1 0 -1 -1 -1 -1 -1
-1 -1 -1 -1 0 -1 -1 0 -1 -1 -1 -1 -1
-1 -1 -1 -1 0 -1 -1 0 -1 -1 -1 -1 -1
-1 -1 -1 -1 0 -1 -1 0 -1 -1 -1 -1 -1
-1 -1 -1 -1 0 -1 -1 0 -1 -1 -1 -1 -1
0 0 0 0 0 0 0 0 0 0 0 0 0
-1 -1 -1 -1 0 -1 -1 0 -1 -1 -1 -1 -1
-1 -1 -1 -1 0 -1 -1 0 -1 -1 -1 -1 -1
0 0 0 0 0 0 1 0 0 0 0 0 0
-1 -1 -1 -1 0 -1 -1 0 -1 -1 -1 -1 -1
-1 -1 -1 -1 0 -1 -1 0 -1 -1 -1 -1 -1
-1 -1 -1 -1 0 -1 -1 0 -1 -1 -1 -1 -1
matrix for city 34
-1 -1 -1 -1 -1 -1 -1 0 -1 -1
-1 -1 -1 -1 -1 -1 -1 0 -1 -1
-1 -1 -1 -1 -1 -1 -1 0 -1 -1
-1 -1 -1 -1 -1 -1 -1 0 -1 -1
-1 -1 -1 -1 -1 -1 -1 0 -1 -1
-1 -1 -1 -1 -1 -1 -1 0 -1 -1
-1 -1 -1 -1 -1 -1 -1 0 -1 -1
-1 -1 -1 -1 -1 -1 -1 0 -1 -1
-1 -1 -1 -1 -1 -1 -1 0 -1 -1
-1 -1 -1 -1 -1 -1 -1 0 -1 -1
matrix for city 35
-1 -1 -1 0 0 -1 -1 -1 0 -1 -1 -1 -1 -1 -1 0
0 0 0 0 0 0 0 0 0 0 0 0 0 0 0 0
-1 -1 -1 0 0 -1 -1 -1 0 -1 -1 -1 -1 -1 -1 0
0 1 0 0 0 1 0 0 0 0 0 0 0 0 0 0
0 0 0 0 0 0 0 0 0 0 0 0 0 0 0 0
0 1 0 0 0 0 0 0 0 0 0 0 0 0 0 0
-1 -1 -1 0 0 -1 -1 -1 0 -1 -1 -1 -1 -1 -1 0
0 0 0 0 0 0 0 0 0 0 0 0 0 0 0 0
0 -1 0 0 0 -1 0 -1 0 -1 -1 -1 0 -1 -1 0
0 -1 0 0 0 -1 0 -1 0 -1 -1 -1 0 -1 -1 0
0 -1 0 0 0 -1 0 -1 0 -1 -1 -1 0 -1 -1 0
0 1 0 0 0 0 0 0 0 0 0 0 0 0 0 0
-1 -1 -1 0 0 -1 -1 -1 0 -1 -1 -1 -1 -1 -1 0
0 0 0 0 0 0 0 0 0 0 0 0 0 0 0 0
0 -1 0 0 0 -1 0 -1 0 -1 -1 -1 0 -1 -1 0
0 0 0 0 0 0 0 1 0 0 0 0 0 0 0 0
matrix for city 36
0 0 1 0 0 0 1 1 0 0 0 0
0 0 0 1 0 0 0 0 0 0 1 1
0 0 0 0 0 0 0 0 0 0 0 0
0 0 0 0 0 0 0 0 0 0 0 0
0 0 0 0 0 0 0 0 0 0 1 0
0 0 0 0 0 0 0 0 0 0 0 0
0 0 0 0 0 0 0 0 0 0 0 0
0 0 0 0 0 0 0 0 0 0 0 0
0 0 0 0 0 0 0 0 0 0 0 0
0 0 0 0 0 0 0 0 0 0 0 0
0 0 0 0 0 0 0 0 0 0 0 0
0 0 0 0 0 0 0 0 0 0 1 0
matrix for city 37
-1 -1 -1 -1 -1 0 -1 -1 -1 -1
-1 -1 -1 -1 -1 0 -1 -1 -1 -1
-1 -1 -1 -1 -1 0 -1 -1 -1 -1
-1 -1 -1 -1 -1 0 -1 -1 -1 -1
-1 -1 -1 -1 -1 0 -1 -1 -1 -1
-1 -1 -1 -1 -1 0 -1 -1 -1 -1
-1 -1 -1 -1 -1 0 -1 -1 -1 -1
-1 -1 -1 -1 -1 0 -1 -1 -1 -1
0 0 0 0 0 0 0 0 0 0
0 0 0 0 0 0 0 0 1 0
matrix for city 38
-1 -1 -1 -1 -1 -1
-1 -1 -1 -1 -1 -1
-1 -1 -1 -1 -1 -1
-1 -1 -1 -1 -1 -1
-1 -1 -1 -1 -1 -1
-1 -1 -1 -1 -1 -1
matrix for city 39
0 0
1 0
matrix for city 40
-1 -1 -1 -1 -1 -1 -1 -1 -1 -1 -1
-1 -1 -1 -1 -1 -1 -1 -1 -1 -1 -1
-1 -1 -1 -1 -1 -1 -1 -1 -1 -1 -1
-1 -1 -1 -1 -1 -1 -1 -1 -1 -1 -1
-1 -1 -1 -1 -1 -1 -1 -1 -1 -1 -1
-1 -1 -1 -1 -1 -1 -1 -1 -1 -1 -1
-1 -1 -1 -1 -1 -1 -1 -1 -1 -1 -1
-1 -1 -1 -1 -1 -1 -1 -1 -1 -1 -1
-1 -1 -1 -1 -1 -1 -1 -1 -1 -1 -1
-1 -1 -1 -1 -1 -1 -1 -1 -1 -1 -1
-1 -1 -1 -1 -1 -1 -1 -1 -1 -1 -1
matrix for city 41
0 0 0 0 0 0 0 0 0 0 0 0 0 1 0
1 0 2 1 3 0 0 0 1 1 1 0 0 4 1
0 0 0 0 1 0 0 0 0 0 0 0 0 1 0
0 0 0 0 1 0 0 0 0 0 0 0 0 0 0
0 0 0 0 0 0 0 0 0 0 0 0 0 0 0
1 0 0 0 1 0 1 0 0 0 0 0 0 1 0
1 0 0 0 0 0 0 0 0 0 0 0 0 1 0
1 0 1 0 2 1 1 0 0 0 0 0 1 3 0
0 0 0 1 1 0 0 0 0 0 0 0 0 0 0
0 0 1 0 1 0 0 0 0 0 1 0 0 1 1
0 0 1 0 1 0 0 0 0 0 0 0 0 1 1
1 1 3 1 4 0 0 0 1 1 1 0 0 5 1
0 0 1 0 1 0 0 0 0 0 0 0 0 1 0
0 0 0 0 0 0 0 0 0 0 0 0 0 0 0
0 0 1 0 1 0 0 0 0 0 0 0 0 1 0
matrix for city 42
-1 0 -1 0 -1 -1 -1 0 0 0 -1 -1
-1 0 -1 0 -1 -1 -1 0 1 0 -1 -1
-1 0 -1 0 -1 -1 -1 0 0 0 -1 -1
-1 0 -1 -1 -1 -1 -1 0 0 -1 -1 -1
-1 0 -1 0 -1 -1 -1 0 0 0 -1 -1
-1 0 -1 0 -1 -1 -1 0 0 0 -1 -1
-1 0 -1 0 -1 -1 -1 0 0 0 -1 -1
-1 0 -1 0 -1 -1 -1 0 1 0 -1 -1
-1 0 -1 0 -1 -1 -1 0 0 0 -1 -1
-1 0 -1 -1 -1 -1 -1 0 0 -1 -1 -1
-1 0 -1 0 -1 -1 -1 0 0 0 -1 -1
-1 0 -1 0 -1 -1 -1 0 0 0 -1 -1
matrix for city 43
0 0 2 1 -1 -1 0 2 1 0
0 0 0 1 -1 -1 1 1 0 1
0 0 0 0 -1 -1 0 0 0 0
0 0 0 0 -1 -1 0 1 0 0
0 0 0 0 -1 -1 0 0 0 0
0 0 0 0 -1 -1 0 0 0 0
0 0 0 0 -1 -1 0 0 0 0
0 0 0 0 0 0 0 0 0 0
0 0 1 1 -1 -1 0 1 0 0
0 0 0 1 -1 -1 1 1 0 0
matrix for city 44
-1 -1 -1 -1 -1 -1 -1
0 0 0 0 0 0 0
-1 -1 -1 -1 -1 -1 -1
-1 -1 -1 -1 -1 -1 -1
-1 -1 -1 -1 -1 -1 -1
-1 -1 -1 -1 -1 -1 -1
-1 -1 -1 -1 -1 -1 -1
matrix for city 45
0 -1 -1 -1 -1 -1 -1 -1 -1 0 -1 -1 -1 -1
0 -1 -1 -1 -1 -1 -1 -1 -1 0 -1 -1 -1 -1
0 -1 -1 -1 -1 -1 -1 -1 -1 0 -1 -1 -1 -1
0 -1 -1 -1 -1 -1 -1 -1 -1 0 -1 -1 -1 -1
0 -1 -1 -1 -1 -1 -1 -1 -1 0 -1 -1 -1 -1
0 -1 -1 -1 -1 -1 -1 -1 -1 0 -1 -1 -1 -1
0 -1 -1 -1 -1 -1 -1 -1 -1 0 -1 -1 -1 -1
0 -1 -1 -1 -1 -1 -1 -1 -1 0 -1 -1 -1 -1
0 -1 -1 -1 -1 -1 -1 -1 -1 0 -1 -1 -1 -1
0 0 0 0 0 0 0 0 0 0 0 0 0 0
0 -1 -1 -1 -1 -1 -1 -1 -1 0 -1 -1 -1 -1
0 -1 -1 -1 -1 -1 -1 -1 -1 0 -1 -1 -1 -1
0 -1 -1 -1 -1 -1 -1 -1 -1 0 -1 -1 -1 -1
0 -1 -1 -1 -1 -1 -1 -1 -1 0 -1 -1 -1 -1
matrix for city 46
-1 0 -1 0 0 -1 0 -1
0 0 0 0 0 0 0 0
0 0 0 0 0 0 0 0
-1 1 -1 0 0 -1 1 -1
-1 1 -1 1 0 -1 1 -1
-1 0 -1 0 0 -1 0 -1
-1 0 -1 0 0 -1 0 -1
-1 0 -1 0 0 -1 0 -1
matrix for city 47
0 1 0 0 0 0 0 0 0 1
0 0 0 0 0 0 0 0 0 1
0 0 0 0 0 0 0 0 0 0
0 0 0 0 0 0 1 0 0 0
0 0 1 1 0 0 1 0 0 0
0 0 0 0 0 0 0 0 0 1
0 0 0 0 0 0 0 0 0 0
0 0 0 0 0 0 0 0 0 0
0 0 0 0 0 0 0 0 0 0
0 0 0 0 0 0 0 0 0 0
matrix for city 48
-1 -1 -1 -1 -1 0 -1 0 -1 -1 -1 -1 0 -1
-1 -1 -1 -1 -1 0 -1 0 -1 -1 -1 -1 0 -1
-1 -1 -1 -1 -1 0 -1 0 -1 -1 -1 -1 0 -1
-1 -1 -1 -1 -1 0 -1 0 -1 -1 -1 -1 0 -1
-1 -1 -1 -1 -1 0 -1 0 -1 -1 -1 -1 0 -1
0 0 0 0 0 0 0 0 0 0 0 0 0 0
-1 -1 -1 -1 -1 0 -1 0 -1 -1 -1 -1 0 -1
-1 -1 -1 -1 -1 0 -1 0 -1 -1 -1 -1 0 -1
0 0 0 0 0 0 0 0 0 0 0 0 0 0
-1 -1 -1 -1 -1 0 -1 0 -1 -1 -1 -1 0 -1
-1 -1 -1 -1 -1 0 -1 0 -1 -1 -1 -1 0 -1
-1 -1 -1 -1 -1 0 -1 0 -1 -1 -1 -1 0 -1
-1 -1 -1 -1 -1 0 -1 0 -1 -1 -1 -1 0 -1
0 0 0 0 0 0 0 0 0 0 0 0 0 0
matrix for city 49
-1 -1 -1 -1 -1 -1
-1 -1 -1 -1 -1 -1
-1 -1 -1 -1 -1 -1
-1 -1 -1 -1 -1 -1
-1 -1 -1 -1 -1 -1
-1 -1 -1 -1 -1 -1
matrix for city 50
-1 -1 -1
-1 -1 -1
-1 -1 -1
matrix for city 51
0 0 0 0 0 0 0 0
0 0 0 0 0 0 1 0
0 0 0 0 0 0 0 0
0 0 0 0 0 0 0 0
0 0 0 0 0 0 1 0
0 0 0 0 0 0 0 0
0 0 0 0 0 0 0 0
0 0 0 1 0 0 0 0
matrix for city 52
0 0 0 0 0 0 0 0 0 0
0 0 0 0 0 0 0 0 0 0
0 0 0 0 0 0 0 0 0 0
0 0 0 0 0 0 0 0 0 0
0 0 0 0 0 0 0 0 0 0
1 0 0 0 0 0 0 0 0 0
0 0 0 0 0 0 0 0 0 1
0 0 0 0 0 0 0 0 0 0
0 0 0 0 0 0 0 0 0 0
0 0 0 0 0 0 0 0 0 0
matrix for city 53
0 0 0 0 0 0 0
-1 -1 -1 -1 -1 -1 0
-1 -1 -1 -1 -1 -1 0
-1 -1 -1 -1 -1 -1 0
-1 -1 -1 -1 -1 -1 0
-1 -1 -1 -1 -1 -1 0
-1 -1 -1 -1 -1 -1 0
matrix for city 54
0 0 -1 -1 -1 0 -1 -1 -1 -1 0
0 0 -1 -1 -1 0 -1 -1 -1 -1 0
0 0 -1 -1 -1 0 -1 -1 -1 -1 0
0 0 -1 -1 -1 0 -1 -1 -1 -1 0
0 0 0 0 0 0 0 0 0 0 0
0 0 -1 -1 -1 0 -1 -1 -1 -1 0
0 0 -1 -1 -1 0 -1 -1 -1 -1 0
0 0 -1 -1 -1 0 -1 -1 -1 -1 0
0 0 -1 -1 -1 0 -1 -1 -1 -1 0
0 0 -1 -1 -1 0 -1 -1 -1 -1 0
0 0 -1 -1 -1 1 -1 -1 -1 -1 0
matrix for city 55
-1 -1
-1 -1
matrix for city 56
0 0 1 0 0 0 1 1 0 0 0 0 0 0 0
0 -1 0 -1 0 0 -1 -1 0 0 -1 0 0 0 -1
0 0 0 0 0 0 0 0 0 0 0 0 0 0 0
0 -1 0 -1 0 0 -1 -1 0 0 -1 0 0 0 -1
0 -1 0 -1 -1 -1 -1 -1 0 -1 -1 -1 -1 0 -1
0 -1 0 -1 -1 -1 -1 -1 0 -1 -1 -1 -1 0 -1
0 0 0 0 0 0 0 1 0 0 0 0 0 0 0
0 0 0 0 0 0 0 0 0 0 0 0 0 0 0
0 0 0 0 0 0 1 1 0 0 0 0 0 0 0
0 -1 0 -1 -1 -1 -1 -1 0 -1 -1 -1 -1 0 -1
0 -1 0 -1 0 0 -1 -1 0 0 -1 0 0 0 -1
0 -1 0 -1 -1 -1 -1 -1 0 -1 -1 -1 -1 0 -1
0 -1 0 -1 -1 -1 -1 -1 0 -1 -1 -1 -1 0 -1
0 0 0 0 0 0 0 0 0 0 0 0 0 0 0
0 -1 0 -1 0 0 -1 -1 0 0 -1 0 0 0 -1
matrix for city 57
0 0 0 0 0
0 0 0 0 0
0 0 0 0 0
0 0 0 0 0
0 0 1 1 0
matrix for city 58
0 0 0 0 0 0 0 0 0 0 0 0 0 0 0
0 0 -1 -1 -1 -1 -1 0 -1 0 -1 -1 -1 -1 -1
0 0 -1 -1 -1 -1 -1 0 -1 0 -1 -1 -1 -1 -1
0 0 0 0 0 1 0 0 0 0 0 1 0 0 1
0 0 -1 -1 -1 -1 -1 0 -1 0 -1 -1 -1 -1 -1
0 0 0 0 0 0 0 0 0 0 0 1 0 0 0
0 0 0 0 0 0 0 0 0 0 0 0 0 0 0
0 0 0 0 0 0 0 0 0 0 0 0 0 0 0
0 0 0 0 0 0 1 0 0 0 0 0 0 0 0
0 0 0 0 0 0 0 0 0 0 0 0 0 0 0
0 0 -1 -1 -1 -1 -1 0 -1 0 -1 -1 -1 -1 -1
0 0 0 0 0 0 0 0 0 0 0 0 0 0 0
0 0 0 0 0 0 0 0 0 0 0 0 0 0 0
0 0 -1 -1 -1 -1 -1 0 -1 0 -1 -1 -1 -1 -1
0 0 0 0 0 1 0 0 0 0 0 1 0 0 0
matrix for city 59
-1 0 -1 0 0 0 -1 0 0 0 0
0 0 0 0 0 0 0 0 0 0 0
-1 0 -1 0 0 0 -1 0 0 0 0
0 0 0 0 0 0 0 0 0 0 0
-1 0 -1 0 -1 0 -1 -1 0 0 0
0 0 0 0 0 0 0 0 0 0 0
0 0 0 0 0 0 0 0 0 0 0
-1 0 -1 0 -1 0 -1 -1 0 0 0
-1 0 -1 0 -1 0 -1 -1 0 0 1
-1 0 -1 0 -1 0 -1 -1 1 0 1
-1 0 -1 0 -1 0 -1 -1 0 0 0
matrix for city 60
0 0 0 0 0 0 0 0 0 0 0
0 0 0 0 0 0 0 0 0 0 0
0 0 0 0 0 0 0 0 0 0 0
0 0 0 0 0 0 0 0 0 0 0
0 0 0 0 0 0 0 0 0 0 0
0 0 0 0 0 0 0 0 0 0 0
0 0 0 0 0 0 0 0 0 0 0
0 0 0 0 0 0 0 0 0 0 0
0 0 1 0 0 0 0 0 0 0 0
0 0 0 0 0 0 0 0 0 0 0
1 0 0 0 0 0 0 0 0 0 0
matrix for city 61
0 0 0 0 0 0 0 0 0 0 0 0 0
0 0 0 0 0 0 0 0 0 0 0 0 0
0 0 0 0 0 0 0 0 0 0 0 0 0
0 0 0 0 0 0 1 0 0 0 0 0 1
0 0 0 0 0 0 0 0 0 0 0 0 0
0 0 0 0 0 0 0 0 0 0 0 0 0
0 0 0 0 0 0 0 0 0 0 0 0 1
0 0 0 0 0 1 0 0 0 0 0 1 0
0 1 0 0 0 0 0 0 0 0 0 0 0
0 0 0 1 0 0 1 0 0 0 0 0 1
0 0 0 0 0 0 0 0 0 0 0 0 0
0 0 0 0 0 0 0 0 0 0 0 0 0
0 0 0 0 0 0 0 0 0 0 0 0 0
matrix for city 62
0 -1 -1 -1 -1 -1 -1 -1 0 -1 -1 -1 0
0 -1 -1 -1 -1 -1 -1 -1 0 -1 -1 -1 0
0 -1 -1 -1 -1 -1 -1 -1 0 -1 -1 -1 0
0 -1 -1 -1 -1 -1 -1 -1 0 -1 -1 -1 0
0 -1 -1 -1 -1 -1 -1 -1 0 -1 -1 -1 0
0 0 0 0 0 -1 -1 0 0 0 0 0 0
0 0 0 0 0 -1 -1 0 0 0 0 0 0
0 0 0 0 0 -1 -1 0 0 0 0 0 0
0 -1 -1 -1 -1 -1 -1 -1 0 -1 -1 -1 0
0 0 0 0 0 -1 -1 0 0 0 0 0 0
0 -1 -1 -1 -1 -1 -1 -1 0 -1 -1 -1 0
0 -1 -1 -1 -1 -1 -1 -1 0 -1 -1 -1 0
0 -1 -1 -1 -1 -1 -1 -1 0 -1 -1 -1 0
matrix for city 63
0 0 0 0 0 0 0 0 0 0 0 0 0 0
0 -1 -1 -1 -1 0 -1 -1 -1 -1 -1 0 -1 -1
0 -1 -1 -1 -1 0 -1 -1 -1 -1 -1 0 -1 -1
0 -1 -1 -1 -1 0 -1 -1 -1 -1 -1 0 -1 -1
0 -1 -1 -1 -1 0 -1 -1 -1 -1 -1 0 -1 -1
0 0 0 0 0 0 0 0 0 0 0 0 0 0
0 -1 -1 -1 -1 0 -1 -1 -1 -1 -1 0 -1 -1
0 -1 -1 -1 -1 0 -1 -1 -1 -1 -1 0 -1 -1
0 -1 -1 -1 -1 0 -1 -1 -1 -1 -1 0 -1 -1
0 -1 -1 -1 -1 0 -1 -1 -1 -1 -1 0 -1 -1
0 -1 -1 -1 -1 0 -1 -1 -1 -1 -1 0 -1 -1
0 0 0 0 0 0 0 0 0 0 0 0 0 0
0 -1 -1 -1 -1 0 -1 -1 -1 -1 -1 0 -1 -1
0 -1 -1 -1 -1 0 -1 -1 -1 -1 -1 0 -1 -1
matrix for city 64
-1 -1 -1 -1 -1
-1 -1 -1 -1 -1
-1 -1 -1 -1 -1
-1 -1 -1 -1 -1
-1 -1 -1 -1 -1
matrix for city 65
0 0 0 0 0 0 0 0 0 0 1 0 0 0 0 0
0 0 0 0 0 0 0 0 0 0 0 0 0 0 0 0
0 3 0 0 1 1 0 0 0 0 0 1 0 0 0 2
0 2 0 0 1 1 0 1 0 0 0 1 0 0 0 1
0 2 0 0 0 1 0 0 0 0 0 1 0 0 0 1
0 2 0 0 0 0 0 0 0 0 0 1 0 0 0 1
0 3 0 0 1 1 0 0 0 0 0 1 0 0 0 2
0 2 0 0 1 1 0 0 0 0 0 1 0 0 0 1
0 2 0 1 1 1 0 1 0 0 0 1 0 0 0 1
0 0 0 0 0 0 0 0 0 0 0 1 0 0 0 0
0 0 0 0 0 0 0 0 0 0 0 0 0 0 0 0
0 0 0 0 0 0 0 0 0 0 0 0 0 0 0 0
0 2 0 0 1 1 0 0 0 1 0 2 0 0 0 1
0 3 0 0 0 1 0 0 0 0 0 1 0 0 0 1
0 1 0 0 0 0 0 0 0 0 0 0 0 0 0 0
0 1 0 0 0 0 0 0 0 0 0 0 0 0 0 0
matrix for city 66
0 0 0 0 0 0 0 0 0 0 0 0 0
0 0 0 0 0 0 0 0 0 0 0 0 0
0 0 0 0 0 0 0 0 0 0 0 0 0
0 0 0 0 0 0 0 0 0 0 0 0 0
0 0 1 0 0 0 0 0 0 0 0 0 0
0 1 0 0 0 0 0 0 0 0 1 0 0
0 0 0 0 0 0 0 0 0 0 0 0 0
0 0 0 0 0 0 0 0 0 0 0 0 0
0 0 0 0 0 0 0 0 0 0 0 0 0
0 0 0 0 0 0 0 0 0 0 0 0 0
0 0 0 0 0 0 0 0 0 0 0 0 0
0 0 0 0 0 0 0 0 0 0 0 0 0
0 0 0 0 0 0 1 0 1 0 0 0 0
matrix for city 67
0 0 0 0 0 0 0 0 0 0
-1 0 0 0 -1 -1 -1 0 -1 -1
-1 0 0 0 -1 -1 -1 0 -1 -1
-1 0 0 0 -1 -1 -1 0 -1 -1
-1 0 0 0 -1 -1 -1 0 -1 -1
-1 0 0 0 -1 -1 -1 0 -1 -1
0 0 0 0 0 0 0 0 0 0
-1 1 0 1 -1 -1 -1 0 -1 -1
-1 0 0 0 -1 -1 -1 0 -1 -1
0 0 0 0 0 0 1 0 0 0
matrix for city 68
0 0 0 0 0 0 0
-1 -1 -1 -1 0 -1 0
-1 0 -1 0 0 -1 0
-1 -1 -1 -1 0 -1 0
-1 -1 -1 -1 0 -1 1
-1 0 -1 0 0 -1 0
1 0 0 0 0 0 0
matrix for city 69
0 5 0 1 3 2 0 1 4 1 3
0 0 0 0 0 0 0 0 0 0 0
0 1 0 0 0 0 0 0 0 0 1
0 0 0 0 0 0 0 0 0 0 0
0 1 0 0 0 0 0 0 1 0 1
0 2 0 0 1 0 0 0 1 0 1
0 3 0 1 2 1 0 1 4 1 3
0 2 0 0 1 1 0 0 2 0 1
0 0 0 0 0 0 0 0 0 0 0
0 0 0 1 0 0 0 0 0 0 0
0 0 0 0 0 0 0 0 0 0 0
matrix for city 70
0 1 0 0 1 0 0 0 0 1 0 0 0 0 0 1
0 0 0 0 0 0 0 0 0 0 0 0 0 0 0 0
0 0 0 0 0 0 0 0 0 0 0 0 0 0 0 0
0 -1 0 -1 -1 -1 -1 0 0 0 0 -1 0 0 0 0
0 1 0 0 0 0 0 0 0 0 0 0 0 0 0 0
0 -1 0 -1 -1 -1 -1 0 0 0 0 -1 0 0 0 0
0 -1 0 -1 -1 -1 -1 0 0 0 0 -1 0 0 0 0
0 0 0 0 0 0 0 0 0 0 0 0 0 0 0 0
0 0 0 0 0 0 0 0 0 0 0 0 0 1 0 0
0 1 0 0 1 0 0 0 0 0 0 0 0 0 0 1
0 1 0 0 1 0 0 0 0 0 0 0 0 0 0 0
0 0 0 0 0 0 0 0 0 0 0 0 0 0 0 0
0 0 0 0 0 0 0 0 0 0 0 0 0 0 0 0
0 0 0 0 0 0 0 0 0 0 0 0 0 0 0 0
0 0 0 0 0 0 0 0 0 0 0 0 0 0 0 0
0 0 0 0 0 0 0 0 0 0 0 0 0 0 0 0
matrix for city 71
0 -1 -1 -1 -1 -1 -1 -1 -1 -1 -1
0 -1 -1 -1 -1 -1 -1 -1 -1 -1 -1
0 -1 -1 -1 -1 -1 -1 -1 -1 -1 -1
0 -1 -1 -1 -1 -1 -1 -1 -1 -1 -1
0 -1 -1 -1 -1 -1 -1 -1 -1 -1 -1
0 -1 -1 -1 -1 -1 -1 -1 -1 -1 -1
0 -1 -1 -1 -1 -1 -1 -1 -1 -1 -1
0 0 0 0 0 0 0 0 0 0 0
0 -1 -1 -1 -1 -1 -1 -1 -1 -1 -1
0 -1 -1 -1 -1 -1 -1 -1 -1 -1 -1
0 -1 -1 -1 -1 -1 -1 -1 -1 -1 -1
matrix for city 72
-1 -1 -1 -1 -1 -1 -1 -1 -1 -1 -1
-1 -1 -1 -1 -1 -1 -1 -1 -1 -1 -1
-1 -1 -1 -1 -1 -1 -1 -1 -1 -1 -1
-1 -1 -1 -1 -1 -1 -1 -1 -1 -1 -1
-1 -1 -1 -1 -1 -1 -1 -1 -1 -1 -1
-1 -1 -1 -1 -1 -1 -1 -1 -1 -1 -1
-1 -1 -1 -1 -1 -1 -1 -1 -1 -1 -1
-1 -1 -1 -1 -1 -1 -1 -1 -1 -1 -1
-1 -1 -1 -1 -1 -1 -1 -1 -1 -1 -1
-1 -1 -1 -1 -1 -1 -1 -1 -1 -1 -1
-1 -1 -1 -1 -1 -1 -1 -1 -1 -1 -1
matrix for city 73
0 0 0 0 0 0 0 0 0 0
0 0 0 0 0 0 0 0 0 0
0 0 0 0 0 0 0 0 0 0
0 0 0 0 0 0 0 0 0 0
0 0 0 0 0 0 0 0 0 0
0 0 0 0 0 0 0 0 0 0
0 0 0 0 0 0 0 0 0 0
0 0 0 0 0 0 0 0 0 0
0 0 0 0 0 0 0 0 0 0
0 0 0 0 0 0 0 0 1 0
matrix for city 74
-1 -1 0 -1 -1 -1 -1 -1
-1 -1 0 -1 -1 -1 -1 -1
-1 -1 0 -1 -1 -1 -1 -1
0 0 0 0 0 0 0 0
-1 -1 0 -1 -1 -1 -1 -1
-1 -1 0 -1 -1 -1 -1 -1
0 0 0 1 0 0 0 0
-1 -1 0 -1 -1 -1 -1 -1
matrix for city 75
-1 -1 -1 0 -1 -1 -1 0 -1 0 -1
-1 -1 -1 0 -1 -1 -1 0 -1 0 -1
0 0 -1 0 -1 0 -1 0 0 0 -1
-1 -1 -1 0 -1 -1 -1 0 -1 0 -1
0 0 0 0 0 0 1 0 0 0 0
-1 -1 -1 0 -1 -1 -1 0 -1 0 -1
0 0 0 0 0 0 0 0 0 0 0
-1 -1 -1 0 -1 -1 -1 0 -1 0 -1
0 0 0 0 0 0 0 0 0 0 0
-1 -1 -1 0 -1 -1 -1 0 -1 0 -1
0 0 -1 0 -1 0 -1 0 0 0 -1
matrix for city 76
-1 -1
-1 -1
matrix for city 77
-1 -1 -1 -1 -1 -1
-1 -1 -1 -1 -1 -1
-1 -1 -1 -1 -1 -1
-1 -1 -1 -1 -1 -1
-1 -1 -1 -1 -1 -1
-1 -1 -1 -1 -1 -1
matrix for city 78
-1 0 -1 -1 -1 0 -1 0 -1 -1 -1
-1 0 -1 -1 -1 0 -1 0 -1 -1 -1
-1 0 -1 -1 -1 0 -1 0 -1 -1 -1
-1 0 -1 -1 -1 0 -1 0 -1 -1 -1
-1 0 -1 -1 -1 0 -1 0 -1 -1 -1
-1 0 -1 -1 -1 0 -1 1 -1 -1 -1
0 0 0 0 0 0 0 0 0 0 0
-1 0 -1 -1 -1 0 -1 0 -1 -1 -1
-1 0 -1 -1 -1 0 -1 0 -1 -1 -1
-1 0 -1 -1 -1 0 -1 0 -1 -1 -1
-1 0 -1 -1 -1 0 -1 0 -1 -1 -1
matrix for city 79
0 -1 0 0 -1 -1 0 -1 0 -1 -1 -1 -1 -1 -1 -1
0 -1 0 0 -1 -1 0 -1 0 -1 -1 -1 -1 -1 -1 -1
0 0 0 0 0 0 1 0 0 0 0 0 0 0 0 0
0 -1 0 0 -1 -1 0 -1 0 -1 -1 -1 -1 -1 -1 -1
0 -1 0 0 -1 -1 0 -1 0 -1 -1 -1 -1 -1 -1 -1
0 -1 0 0 -1 -1 0 -1 0 -1 -1 -1 -1 -1 -1 -1
0 0 0 0 0 0 0 0 0 0 0 0 0 0 0 0
0 -1 0 0 -1 -1 0 -1 0 -1 -1 -1 -1 -1 -1 -1
0 -1 0 0 -1 -1 0 -1 0 -1 -1 -1 -1 -1 -1 -1
0 0 0 0 0 0 0 0 0 0 0 0 0 0 0 0
0 -1 0 0 -1 -1 0 -1 0 -1 -1 -1 -1 -1 -1 -1
0 -1 0 0 -1 -1 0 -1 0 -1 -1 -1 -1 -1 -1 -1
0 0 0 0 0 0 0 0 0 0 0 0 0 0 0 0
0 0 0 0 0 0 0 0 0 1 0 0 0 0 0 0
0 -1 0 0 -1 -1 0 -1 0 -1 -1 -1 -1 -1 -1 -1
0 -1 0 0 -1 -1 0 -1 0 -1 -1 -1 -1 -1 -1 -1
matrix for city 80
-1 -1 -1 -1 -1 -1 -1
-1 -1 -1 -1 -1 -1 -1
-1 -1 -1 -1 -1 -1 -1
-1 -1 -1 -1 -1 -1 -1
-1 -1 -1 -1 -1 -1 -1
-1 -1 -1 -1 -1 -1 -1
-1 -1 -1 -1 -1 -1 -1
matrix for city 81
0 0 0 0 0
-1 -1 -1 -1 -1
-1 -1 -1 -1 -1
-1 -1 -1 -1 -1
-1 -1 -1 -1 -1
matrix for city 82
-1 -1 -1 -1 -1
-1 -1 -1 -1 -1
-1 -1 -1 -1 -1
-1 -1 -1 -1 -1
-1 -1 -1 -1 -1
matrix for city 83
-1 -1 -1 -1
-1 -1 -1 -1
-1 -1 -1 -1
-1 -1 -1 -1
matrix for city 84
-1 -1 -1 -1 -1 -1
-1 -1 -1 -1 -1 -1
-1 -1 -1 -1 -1 -1
-1 -1 -1 -1 -1 -1
-1 -1 -1 -1 -1 -1
-1 -1 -1 -1 -1 -1
matrix for city 85
-1 -1 0 -1 -1 -1 0 -1 -1 -1 -1 -1 -1 0 -1 -1
-1 -1 0 -1 -1 -1 0 -1 -1 -1 -1 -1 -1 0 -1 -1
0 0 0 1 0 0 0 0 0 0 0 0 0 0 0 0
0 0 0 0 0 0 0 0 0 0 0 0 0 0 0 0
0 0 0 0 0 0 0 1 0 0 0 0 0 0 0 0
-1 -1 0 -1 -1 -1 0 -1 -1 -1 -1 -1 -1 0 -1 -1
-1 -1 0 -1 -1 -1 0 -1 -1 -1 -1 -1 -1 0 -1 -1
0 0 0 0 0 0 0 0 0 0 0 0 0 0 0 0
0 0 0 0 0 0 0 0 0 0 0 0 0 0 0 0
-1 -1 0 -1 -1 -1 0 -1 -1 -1 -1 -1 -1 0 -1 -1
-1 -1 0 -1 -1 -1 0 -1 -1 -1 -1 -1 -1 0 -1 -1
-1 -1 0 -1 -1 -1 0 -1 -1 -1 -1 -1 -1 0 -1 -1
-1 -1 0 -1 -1 -1 0 -1 -1 -1 -1 -1 -1 0 -1 -1
-1 -1 0 -1 -1 -1 0 -1 -1 -1 -1 -1 -1 0 -1 -1
-1 -1 0 -1 -1 -1 0 -1 -1 -1 -1 -1 -1 0 -1 -1
-1 -1 0 -1 -1 -1 0 -1 -1 -1 -1 -1 -1 0 -1 -1
matrix for city 86
0 0 0 0 -1 -1 -1 -1 -1 0 -1 -1 0 -1 0 0
0 0 1 1 -1 -1 -1 -1 -1 0 -1 -1 1 -1 0 0
0 0 0 0 -1 -1 -1 -1 -1 0 -1 -1 0 -1 0 0
0 0 0 0 -1 -1 -1 -1 -1 0 -1 -1 1 -1 0 0
0 0 0 0 -1 -1 -1 -1 -1 0 -1 -1 0 -1 0 0
0 0 0 0 -1 -1 -1 -1 -1 0 -1 -1 0 -1 0 0
0 0 0 0 -1 -1 -1 -1 -1 0 -1 -1 0 -1 0 0
0 0 0 0 -1 -1 -1 -1 -1 0 -1 -1 0 -1 0 0
0 0 0 0 -1 -1 -1 -1 -1 0 -1 -1 0 -1 0 0
0 0 0 0 -1 -1 -1 -1 -1 0 -1 -1 0 -1 0 0
0 0 0 0 -1 -1 -1 -1 -1 0 -1 -1 0 -1 0 0
0 0 0 0 0 0 0 0 0 0 0 0 0 0 0 0
0 0 0 0 0 0 0 0 0 0 0 0 0 0 0 0
0 0 0 0 0 0 0 0 0 0 0 0 0 0 0 0
0 0 0 1 -1 -1 -1 -1 -1 0 -1 -1 1 -1 0 0
0 0 0 1 -1 -1 -1 -1 -1 0 -1 -1 1 -1 1 0
matrix for city 87
-1 -1 -1 -1 0 -1 -1 -1 -1 -1
0 -1 0 -1 0 0 0 0 0 0
-1 -1 -1 -1 0 -1 -1 -1 -1 -1
0 -1 0 -1 0 0 0 0 0 0
-1 -1 -1 -1 0 -1 -1 -1 -1 -1
-1 -1 -1 -1 0 -1 -1 -1 -1 -1
-1 -1 -1 -1 0 -1 -1 -1 -1 -1
-1 -1 -1 -1 0 -1 -1 -1 -1 -1
-1 -1 -1 -1 0 -1 -1 -1 -1 -1
-1 -1 -1 -1 0 -1 -1 -1 -1 -1
matrix for city 88
-1 -1
-1 -1
matrix for city 89
0 0 0 0 0 0 0 0 0 0 0 0 0 0
0 0 0 0 0 0 0 0 0 0 0 0 0 0
0 0 0 0 0 0 0 0 0 0 0 0 0 0
0 0 0 0 0 0 0 0 0 0 0 0 0 0
0 1 0 0 0 0 0 0 0 0 0 0 0 0
0 0 0 0 0 0 0 0 0 0 0 0 0 0
0 1 0 0 1 1 0 0 0 0 0 0 0 0
0 1 0 1 1 0 0 0 0 1 0 1 0 0
0 0 1 0 0 0 0 0 0 0 0 0 0 0
0 1 0 1 1 0 0 0 0 0 0 0 0 0
1 0 0 0 0 0 0 0 0 0 0 0 0 0
0 1 0 1 1 0 0 0 0 1 0 0 0 0
0 0 0 0 0 1 0 0 0 0 0 0 0 0
0 1 0 2 1 0 0 0 0 1 0 1 0 0
matrix for city 90
0 0 0 0 1 0 0 0 0 0 0
1 0 0 0 1 1 0 0 1 0 0
1 0 0 0 1 0 0 0 0 0 0
0 0 0 0 0 0 0 0 0 0 0
0 0 0 0 0 0 0 0 0 0 0
1 0 0 0 1 0 0 0 0 0 0
1 1 0 0 1 1 0 0 1 0 1
0 0 0 0 0 0 0 0 0 0 0
0 0 0 0 0 0 0 0 0 0 0
2 1 0 0 2 2 0 0 2 0 0
0 0 0 0 0 0 0 0 0 0 0
matrix for city 91
0 0 0 0 0 0 0 0 0 0 0 0 0
-1 -1 -1 -1 -1 -1 -1 -1 -1 -1 -1 -1 -1
-1 -1 -1 -1 -1 -1 -1 -1 -1 -1 -1 -1 -1
0 0 0 0 0 0 0 0 0 0 0 0 0
-1 -1 -1 -1 -1 -1 -1 -1 -1 -1 -1 -1 -1
-1 -1 -1 -1 -1 -1 -1 -1 -1 -1 -1 -1 -1
-1 -1 -1 -1 -1 -1 -1 -1 -1 -1 -1 -1 -1
-1 -1 -1 -1 -1 -1 -1 -1 -1 -1 -1 -1 -1
-1 -1 -1 -1 -1 -1 -1 -1 -1 -1 -1 -1 -1
-1 -1 -1 -1 -1 -1 -1 -1 -1 -1 -1 -1 -1
-1 -1 -1 -1 -1 -1 -1 -1 -1 -1 -1 -1 -1
-1 -1 -1 -1 -1 -1 -1 -1 -1 -1 -1 -1 -1
-1 -1 -1 -1 -1 -1 -1 -1 -1 -1 -1 -1 -1
matrix for city 92
0 0 0 0 1 0 0 0 0 0
0 0 0 0 0 0 0 0 0 0
0 0 0 0 0 0 0 0 0 0
0 0 0 0 0 0 0 0 0 0
0 0 0 0 0 0 0 0 0 0
0 0 0 0 0 0 0 0 0 0
0 0 0 0 0 0 0 0 0 0
0 0 0 0 0 0 0 0 0 0
0 0 0 0 0 0 0 0 0 0
0 0 0 0 0 0 0 1 0 0
matrix for city 93
0 0 0 0 0 0 0 0 0 0 0 0 0
0 0 0 0 0 0 0 0 0 0 0 0 0
0 0 0 0 0 0 0 0 0 0 0 0 0
0 0 0 0 0 0 0 0 0 0 0 0 0
0 0 0 0 0 0 0 0 0 0 0 0 0
0 0 1 0 0 0 0 0 0 0 0 0 0
0 0 0 0 0 0 0 0 0 0 0 0 0
0 0 0 0 0 0 0 0 0 0 0 0 0
0 0 0 0 0 0 0 0 0 0 0 0 0
0 0 0 0 0 0 0 0 0 0 0 0 0
0 0 0 0 0 0 0 0 0 0 0 0 0
0 0 0 0 0 0 0 0 0 0 0 0 0
0 0 0 0 0 0 0 0 0 0 1 0 0
matrix for city 94
0 1 0 0 0 0 1 1
0 0 0 0 0 0 0 0
0 1 0 0 0 0 0 0
1 2 0 0 1 1 1 1
1 2 0 0 0 0 1 1
1 2 0 0 1 0 1 1
0 0 0 0 0 0 0 0
0 0 0 0 0 0 0 0
matrix for city 95
0 0
1 0
matrix for city 96
-1 -1 -1 -1 -1 -1 -1 -1 0 -1 0 -1 -1 -1
-1 -1 -1 -1 -1 -1 -1 -1 0 -1 0 -1 -1 -1
-1 -1 -1 -1 -1 -1 -1 -1 0 -1 0 -1 -1 -1
-1 -1 -1 -1 -1 -1 -1 -1 0 -1 0 -1 -1 -1
-1 -1 -1 -1 -1 -1 -1 -1 0 -1 0 -1 -1 -1
-1 -1 -1 -1 -1 -1 -1 -1 0 -1 0 -1 -1 -1
-1 -1 -1 -1 -1 -1 -1 -1 0 -1 0 -1 -1 -1
0 0 0 0 0 0 0 0 0 0 0 0 0 0
-1 -1 -1 -1 -1 -1 -1 -1 0 -1 0 -1 -1 -1
0 0 0 0 0 0 0 0 0 0 0 0 0 0
-1 -1 -1 -1 -1 -1 -1 -1 0 -1 0 -1 -1 -1
-1 -1 -1 -1 -1 -1 -1 -1 0 -1 0 -1 -1 -1
-1 -1 -1 -1 -1 -1 -1 -1 0 -1 0 -1 -1 -1
-1 -1 -1 -1 -1 -1 -1 -1 0 -1 0 -1 -1 -1
matrix for city 97
-1 0 0 0 0 0 -1 0 0 0 -1 -1
-1 0 0 1 1 0 -1 0 0 0 -1 -1
-1 1 0 1 2 1 -1 1 0 1 -1 -1
0 0 0 0 1 0 0 0 0 0 0 1
0 0 0 0 0 0 0 0 0 0 0 0
0 0 0 0 0 0 0 0 0 0 0 1
-1 0 0 0 0 0 -1 0 0 0 -1 -1
0 0 0 0 0 1 0 0 0 0 0 1
0 0 0 0 0 1 0 0 0 0 0 2
0 0 0 0 1 0 0 0 0 0 0 0
-1 0 0 0 0 0 -1 0 0 0 -1 -1
0 0 0 0 0 0 0 0 0 0 0 0
matrix for city 98
0 0 0 0 0 0 0 0 0 0 0 0 0 0
0 0 0 0 0 0 0 0 0 0 0 0 0 0
0 0 0 0 0 0 0 0 0 0 0 0 0 0
0 0 0 0 0 0 0 0 0 0 0 0 0 0
0 0 0 0 0 0 0 0 0 0 1 0 0 0
0 0 0 0 0 0 0 0 0 0 0 0 0 0
0 0 0 0 0 0 0 0 0 0 0 0 0 0
0 0 0 0 0 0 0 0 0 0 0 0 0 0
0 0 0 0 0 0 1 0 0 0 0 0 0 0
0 0 0 0 0 0 0 0 0 0 0 0 0 0
0 0 0 0 0 0 0 0 0 0 0 0 0 0
0 0 0 0 0 0 0 0 0 0 0 0 0 0
0 0 0 0 0 0 0 0 0 0 0 0 0 0
0 0 0 0 0 0 1 1 0 0 0 0 0 0
matrix for city 99
-1 -1 -1 0 -1 -1 -1 0 -1 -1 -1 0 -1 0 0
0 0 0 0 0 0 0 0 0 0 0 0 0 0 0
-1 -1 -1 0 -1 -1 -1 0 -1 -1 -1 0 -1 0 0
-1 -1 -1 0 -1 -1 -1 0 -1 -1 -1 0 -1 0 0
-1 -1 -1 0 -1 -1 -1 0 -1 -1 -1 0 -1 0 0
-1 -1 -1 0 -1 -1 -1 0 -1 -1 -1 0 -1 0 0
-1 -1 -1 0 -1 -1 -1 0 -1 -1 -1 0 -1 0 0
-1 -1 -1 0 -1 -1 -1 0 -1 -1 -1 0 -1 0 0
-1 -1 -1 0 -1 -1 -1 0 -1 -1 -1 0 -1 0 0
0 0 0 0 0 0 0 0 0 0 0 0 0 0 0
-1 -1 -1 0 -1 -1 -1 0 -1 -1 -1 0 -1 0 0
-1 -1 -1 0 -1 -1 -1 1 -1 -1 -1 0 -1 0 0
-1 -1 -1 0 -1 -1 -1 0 -1 -1 -1 0 -1 0 0
0 0 0 0 0 0 0 0 0 0 0 0 0 0 0
-1 -1 -1 0 -1 -1 -1 1 -1 -1 -1 1 -1 1 0
